<?xml version="1.0" encoding="UTF-8"?>
<!-- Generated by org.testng.reporters.JUnitReportReporter -->
<testsuite hostname="desktop-pc" failures="0" tests="2" name="test.UserTests" time="23.181" errors="0" timestamp="2025-08-04T03:28:34 PDT" skipped="0">
  <testcase classname="test.UserTests" name="testSignup" time="6.602"/>
  <testcase classname="test.UserTests" name="LoginPage" time="16.579"/>
</testsuite> <!-- test.UserTests -->
